2026-03-23 20:25:07 | INFO     | ======================================================================
2026-03-23 20:25:07 | INFO     | MULTI-STAGE ENSEMBLE SESSION STARTED
2026-03-23 20:25:07 | INFO     |   Input: C:\java\java vs code\mammography\input_mammograms
2026-03-23 20:25:07 | INFO     |   Output: C:\java\java vs code\mammography\output_results
2026-03-23 20:25:07 | INFO     |   Images: 10
2026-03-23 20:25:07 | INFO     |   YOLO Model: yolo11n.pt
2026-03-23 20:25:07 | INFO     |   DenseNet Model: ImageNet pretrained
2026-03-23 20:25:07 | INFO     |   TTA: ON
2026-03-23 20:25:07 | INFO     |   Distill Labels: False
2026-03-23 20:25:07 | INFO     |   ⓘ GENERAL MODE (no specialist weights found)
2026-03-23 20:25:07 | INFO     |     Run 'python train_specialist.py --all' to create specialist weights
2026-03-23 20:25:07 | INFO     | ======================================================================
2026-03-23 20:25:08 | INFO     | ======================================================================
2026-03-23 20:25:08 | INFO     | IMAGE: P_00016_LEFT_CC_Original__png.rf.1f9ed64e51fd317a3fdce50bd53f4c66.jpg
2026-03-23 20:25:08 | INFO     |   Dimensions: 640x640
2026-03-23 20:25:08 | INFO     |   Processing Time: 0.35s
2026-03-23 20:25:08 | INFO     |   TTA Enabled: True
2026-03-23 20:25:08 | INFO     |   Stage 1 (YOLO11) Detections: 0
2026-03-23 20:25:08 | INFO     |   Ensemble Results: 0
2026-03-23 20:25:09 | INFO     | ======================================================================
2026-03-23 20:25:09 | INFO     | IMAGE: P_00016_LEFT_MLO_Original__png.rf.35391884f04957dddd20e91caab9381b.jpg
2026-03-23 20:25:09 | INFO     |   Dimensions: 640x640
2026-03-23 20:25:09 | INFO     |   Processing Time: 1.06s
2026-03-23 20:25:09 | INFO     |   TTA Enabled: True
2026-03-23 20:25:09 | INFO     |   Stage 1 (YOLO11) Detections: 1
2026-03-23 20:25:09 | DEBUG    |     YOLO #1: class='cat' conf=0.4568 bbox=(277.7, 317.9, 549.6, 601.5) crop=C:\java\java vs code\mammography\output_results\roi_crops\P_00016_LEFT_MLO_Original__png.rf.35391884f04957dddd20e91caab9381b_crop_1.jpg
2026-03-23 20:25:09 | INFO     |   Ensemble Results: 1
2026-03-23 20:25:09 | INFO     |     ENS #1: ensemble=Benign conf=0.5055 BI-RADS=3 priority=4/10 triage=MODERATE
2026-03-23 20:25:09 | DEBUG    |       YOLO weighted: 0.2173 | DenseNet weighted: 0.2772
2026-03-23 20:25:09 | DEBUG    |       DenseNet201: class=Benign conf=0.5380 P(benign)=0.5380 P(malignant)=0.4620
2026-03-23 20:25:09 | DEBUG    |       TTA Scores: {
        "original": 0.4521554112434387,
        "hflip": 0.45501402020454407,
        "vflip": 0.4695735275745392,
        "rot90": 0.44649648666381836,
        "rot180": 0.4813211262226105,
        "rot270": 0.4676942527294159
}
2026-03-23 20:25:09 | DEBUG    |       Features: {"Size_mm": "> 30", "Shape": "Round", "Margin": "Circumscribed", "Density": "Low"}
2026-03-23 20:25:09 | DEBUG    |       Risk Score: 2.27/10
2026-03-23 20:25:09 | DEBUG    |       Explainability: The ensemble classified this region as 'Benign' with 51% combined confidence. YOLO11 detected 'cat' (conf: 46%). DenseNet201 classified as 'Benign' (Benign: 54%, Malignant: 46%). Both models AGREE on ...
2026-03-23 20:25:09 | INFO     | ======================================================================
2026-03-23 20:25:09 | INFO     | IMAGE: P_00017_LEFT_CC_Original__png.rf.724906176f2ec1b16c333b87b28ace6e.jpg
2026-03-23 20:25:09 | INFO     |   Dimensions: 640x640
2026-03-23 20:25:09 | INFO     |   Processing Time: 0.10s
2026-03-23 20:25:09 | INFO     |   TTA Enabled: True
2026-03-23 20:25:09 | INFO     |   Stage 1 (YOLO11) Detections: 0
2026-03-23 20:25:09 | INFO     |   Ensemble Results: 0
2026-03-23 20:25:10 | INFO     | ======================================================================
2026-03-23 20:25:10 | INFO     | IMAGE: P_00017_LEFT_MLO_Original__png.rf.c90c401bd0609229725bb0cc491b57e0.jpg
2026-03-23 20:25:10 | INFO     |   Dimensions: 640x640
2026-03-23 20:25:10 | INFO     |   Processing Time: 0.99s
2026-03-23 20:25:10 | INFO     |   TTA Enabled: True
2026-03-23 20:25:10 | INFO     |   Stage 1 (YOLO11) Detections: 1
2026-03-23 20:25:10 | DEBUG    |     YOLO #1: class='cat' conf=0.7716 bbox=(250.3, 260.1, 497.9, 492.2) crop=C:\java\java vs code\mammography\output_results\roi_crops\P_00017_LEFT_MLO_Original__png.rf.c90c401bd0609229725bb0cc491b57e0_crop_1.jpg
2026-03-23 20:25:10 | INFO     |   Ensemble Results: 1
2026-03-23 20:25:10 | INFO     |     ENS #1: ensemble=Benign conf=0.6285 BI-RADS=3 priority=5/10 triage=MODERATE
2026-03-23 20:25:10 | DEBUG    |       YOLO weighted: 0.0914 | DenseNet weighted: 0.2801
2026-03-23 20:25:10 | DEBUG    |       DenseNet201: class=Benign conf=0.5331 P(benign)=0.5331 P(malignant)=0.4669
2026-03-23 20:25:10 | DEBUG    |       TTA Scores: {
        "original": 0.4734078347682953,
        "hflip": 0.46740907430648804,
        "vflip": 0.47155460715293884,
        "rot90": 0.45787733793258667,
        "rot180": 0.4664979875087738,
        "rot270": 0.46487852931022644
}
2026-03-23 20:25:10 | DEBUG    |       Features: {"Size_mm": "> 30", "Shape": "Round", "Margin": "Circumscribed", "Density": "Equal"}
2026-03-23 20:25:10 | DEBUG    |       Risk Score: 2.55/10
2026-03-23 20:25:10 | DEBUG    |       Explainability: The ensemble classified this region as 'Benign' with 63% combined confidence. YOLO11 detected 'cat' (conf: 77%). DenseNet201 classified as 'Benign' (Benign: 53%, Malignant: 47%). Both models AGREE on ...
2026-03-23 20:25:10 | INFO     | ======================================================================
2026-03-23 20:25:10 | INFO     | IMAGE: P_00032_RIGHT_CC_Original__png.rf.1e1e561ff5291830899a316811ed1762.jpg
2026-03-23 20:25:10 | INFO     |   Dimensions: 640x640
2026-03-23 20:25:10 | INFO     |   Processing Time: 0.10s
2026-03-23 20:25:10 | INFO     |   TTA Enabled: True
2026-03-23 20:25:10 | INFO     |   Stage 1 (YOLO11) Detections: 0
2026-03-23 20:25:10 | INFO     |   Ensemble Results: 0
2026-03-23 20:25:11 | INFO     | ======================================================================
2026-03-23 20:25:11 | INFO     | IMAGE: P_00032_RIGHT_MLO_Original__png.rf.984ba9652ac359e08ea5d81d03944125.jpg
2026-03-23 20:25:11 | INFO     |   Dimensions: 640x640
2026-03-23 20:25:11 | INFO     |   Processing Time: 0.95s
2026-03-23 20:25:11 | INFO     |   TTA Enabled: True
2026-03-23 20:25:11 | INFO     |   Stage 1 (YOLO11) Detections: 1
2026-03-23 20:25:11 | DEBUG    |     YOLO #1: class='cat' conf=0.4159 bbox=(346.4, 285.8, 583.7, 571.1) crop=C:\java\java vs code\mammography\output_results\roi_crops\P_00032_RIGHT_MLO_Original__png.rf.984ba9652ac359e08ea5d81d03944125_crop_1.jpg
2026-03-23 20:25:11 | INFO     |   Ensemble Results: 1
2026-03-23 20:25:11 | INFO     |     ENS #1: ensemble=Malignant conf=0.5051 BI-RADS=4 priority=6/10 triage=MODERATE
2026-03-23 20:25:11 | DEBUG    |       YOLO weighted: 0.2336 | DenseNet weighted: 0.2714
2026-03-23 20:25:11 | DEBUG    |       DenseNet201: class=Benign conf=0.5476 P(benign)=0.5476 P(malignant)=0.4524
2026-03-23 20:25:11 | DEBUG    |       TTA Scores: {
        "original": 0.45541873574256897,
        "hflip": 0.4519965648651123,
        "vflip": 0.4585115909576416,
        "rot90": 0.45646581053733826,
        "rot180": 0.44663116335868835,
        "rot270": 0.4455081522464752
}
2026-03-23 20:25:11 | DEBUG    |       Features: {"Size_mm": "> 30", "Shape": "Round", "Margin": "Circumscribed", "Density": "Low"}
2026-03-23 20:25:11 | DEBUG    |       Risk Score: 2.27/10
2026-03-23 20:25:11 | DEBUG    |       Explainability: The ensemble classified this region as 'Malignant' with 51% combined confidence. YOLO11 detected 'cat' (conf: 42%). DenseNet201 classified as 'Benign' (Benign: 55%, Malignant: 45%). Both models AGREE ...
2026-03-23 20:25:12 | INFO     | ======================================================================
2026-03-23 20:25:12 | INFO     | IMAGE: P_00037_RIGHT_CC_Original__png.rf.2f61ed86cefbdb1f26baa4cc7d36c809.jpg
2026-03-23 20:25:12 | INFO     |   Dimensions: 640x640
2026-03-23 20:25:12 | INFO     |   Processing Time: 1.07s
2026-03-23 20:25:12 | INFO     |   TTA Enabled: True
2026-03-23 20:25:12 | INFO     |   Stage 1 (YOLO11) Detections: 1
2026-03-23 20:25:12 | DEBUG    |     YOLO #1: class='cat' conf=0.7042 bbox=(409.0, 326.6, 449.2, 456.8) crop=C:\java\java vs code\mammography\output_results\roi_crops\P_00037_RIGHT_CC_Original__png.rf.2f61ed86cefbdb1f26baa4cc7d36c809_crop_1.jpg
2026-03-23 20:25:12 | INFO     |   Ensemble Results: 1
2026-03-23 20:25:12 | INFO     |     ENS #1: ensemble=Benign conf=0.6030 BI-RADS=3 priority=5/10 triage=MODERATE
2026-03-23 20:25:12 | DEBUG    |       YOLO weighted: 0.1183 | DenseNet weighted: 0.2787
2026-03-23 20:25:12 | DEBUG    |       DenseNet201: class=Benign conf=0.5355 P(benign)=0.5355 P(malignant)=0.4645
2026-03-23 20:25:12 | DEBUG    |       TTA Scores: {
        "original": 0.4705043435096741,
        "hflip": 0.4951001703739166,
        "vflip": 0.4645932614803314,
        "rot90": 0.45002827048301697,
        "rot180": 0.46396389603614807,
        "rot270": 0.44264811277389526
}
2026-03-23 20:25:12 | DEBUG    |       Features: {"Size_mm": "> 30", "Shape": "Round", "Margin": "Circumscribed", "Density": "Equal"}
2026-03-23 20:25:12 | DEBUG    |       Risk Score: 2.55/10
2026-03-23 20:25:12 | DEBUG    |       Explainability: The ensemble classified this region as 'Benign' with 60% combined confidence. YOLO11 detected 'cat' (conf: 70%). DenseNet201 classified as 'Benign' (Benign: 54%, Malignant: 46%). Both models AGREE on ...
2026-03-23 20:25:13 | INFO     | ======================================================================
2026-03-23 20:25:13 | INFO     | IMAGE: P_00037_RIGHT_MLO_Original__png.rf.c28e5deb0cf125ff75db00a1b3f5c2fa.jpg
2026-03-23 20:25:13 | INFO     |   Dimensions: 640x640
2026-03-23 20:25:13 | INFO     |   Processing Time: 0.91s
2026-03-23 20:25:13 | INFO     |   TTA Enabled: True
2026-03-23 20:25:13 | INFO     |   Stage 1 (YOLO11) Detections: 1
2026-03-23 20:25:13 | DEBUG    |     YOLO #1: class='cat' conf=0.7672 bbox=(388.1, 293.4, 478.4, 573.0) crop=C:\java\java vs code\mammography\output_results\roi_crops\P_00037_RIGHT_MLO_Original__png.rf.c28e5deb0cf125ff75db00a1b3f5c2fa_crop_1.jpg
2026-03-23 20:25:13 | INFO     |   Ensemble Results: 1
2026-03-23 20:25:13 | INFO     |     ENS #1: ensemble=Benign conf=0.6433 BI-RADS=3 priority=5/10 triage=MODERATE
2026-03-23 20:25:13 | DEBUG    |       YOLO weighted: 0.0931 | DenseNet weighted: 0.2635
2026-03-23 20:25:13 | DEBUG    |       DenseNet201: class=Benign conf=0.5608 P(benign)=0.5608 P(malignant)=0.4392
2026-03-23 20:25:13 | DEBUG    |       TTA Scores: {
        "original": 0.46224647760391235,
        "hflip": 0.4442217946052551,
        "vflip": 0.46857962012290955,
        "rot90": 0.3729349672794342,
        "rot180": 0.45195746421813965,
        "rot270": 0.43551164865493774
}
2026-03-23 20:25:13 | DEBUG    |       Features: {"Size_mm": "> 30", "Shape": "Oval", "Margin": "Circumscribed", "Density": "Equal"}
2026-03-23 20:25:13 | DEBUG    |       Risk Score: 2.68/10
2026-03-23 20:25:13 | DEBUG    |       Explainability: The ensemble classified this region as 'Benign' with 64% combined confidence. YOLO11 detected 'cat' (conf: 77%). DenseNet201 classified as 'Benign' (Benign: 56%, Malignant: 44%). Both models AGREE on ...
2026-03-23 20:25:14 | INFO     | ======================================================================
2026-03-23 20:25:14 | INFO     | IMAGE: P_00056_LEFT_MLO_Original__png.rf.df58b5efd2f22b8430b0ac946d2a3278.jpg
2026-03-23 20:25:14 | INFO     |   Dimensions: 640x640
2026-03-23 20:25:14 | INFO     |   Processing Time: 1.10s
2026-03-23 20:25:14 | INFO     |   TTA Enabled: True
2026-03-23 20:25:14 | INFO     |   Stage 1 (YOLO11) Detections: 1
2026-03-23 20:25:14 | DEBUG    |     YOLO #1: class='cat' conf=0.2924 bbox=(149.0, 290.1, 295.6, 578.9) crop=C:\java\java vs code\mammography\output_results\roi_crops\P_00056_LEFT_MLO_Original__png.rf.df58b5efd2f22b8430b0ac946d2a3278_crop_1.jpg
2026-03-23 20:25:14 | INFO     |   Ensemble Results: 1
2026-03-23 20:25:14 | INFO     |     ENS #1: ensemble=Malignant conf=0.5568 BI-RADS=4 priority=6/10 triage=MODERATE
2026-03-23 20:25:14 | DEBUG    |       YOLO weighted: 0.2831 | DenseNet weighted: 0.2737
2026-03-23 20:25:14 | DEBUG    |       DenseNet201: class=Benign conf=0.5438 P(benign)=0.5438 P(malignant)=0.4562
2026-03-23 20:25:14 | DEBUG    |       TTA Scores: {
        "original": 0.45094427466392517,
        "hflip": 0.4551582932472229,
        "vflip": 0.46051815152168274,
        "rot90": 0.4708077609539032,
        "rot180": 0.4454140365123749,
        "rot270": 0.45453980565071106
}
2026-03-23 20:25:14 | DEBUG    |       Features: {"Size_mm": "> 30", "Shape": "Irregular", "Margin": "Circumscribed", "Density": "Low"}
2026-03-23 20:25:14 | DEBUG    |       Risk Score: 4.18/10
2026-03-23 20:25:14 | DEBUG    |       Explainability: The ensemble classified this region as 'Malignant' with 56% combined confidence. YOLO11 detected 'cat' (conf: 29%). DenseNet201 classified as 'Benign' (Benign: 54%, Malignant: 46%). Both models AGREE ...
2026-03-23 20:25:15 | INFO     | ======================================================================
2026-03-23 20:25:15 | INFO     | IMAGE: P_00066_LEFT_CC_Original__png.rf.bcca51d4cc4121a0e5cb5d1506f79d60.jpg
2026-03-23 20:25:15 | INFO     |   Dimensions: 640x640
2026-03-23 20:25:15 | INFO     |   Processing Time: 1.02s
2026-03-23 20:25:15 | INFO     |   TTA Enabled: True
2026-03-23 20:25:15 | INFO     |   Stage 1 (YOLO11) Detections: 1
2026-03-23 20:25:15 | DEBUG    |     YOLO #1: class='cat' conf=0.3763 bbox=(404.2, 341.9, 471.4, 508.1) crop=C:\java\java vs code\mammography\output_results\roi_crops\P_00066_LEFT_CC_Original__png.rf.bcca51d4cc4121a0e5cb5d1506f79d60_crop_1.jpg
2026-03-23 20:25:15 | INFO     |   Ensemble Results: 1
2026-03-23 20:25:15 | INFO     |     ENS #1: ensemble=Malignant conf=0.5371 BI-RADS=4 priority=6/10 triage=MODERATE
2026-03-23 20:25:15 | DEBUG    |       YOLO weighted: 0.2495 | DenseNet weighted: 0.2876
2026-03-23 20:25:15 | DEBUG    |       DenseNet201: class=Benign conf=0.5206 P(benign)=0.5206 P(malignant)=0.4794
2026-03-23 20:25:15 | DEBUG    |       TTA Scores: {
        "original": 0.48190754652023315,
        "hflip": 0.4840884506702423,
        "vflip": 0.4958321452140808,
        "rot90": 0.45810702443122864,
        "rot180": 0.5014610290527344,
        "rot270": 0.4552505910396576
}
2026-03-23 20:25:15 | DEBUG    |       Features: {"Size_mm": "> 30", "Shape": "Round", "Margin": "Circumscribed", "Density": "Low"}
2026-03-23 20:25:15 | DEBUG    |       Risk Score: 2.27/10
2026-03-23 20:25:15 | DEBUG    |       Explainability: The ensemble classified this region as 'Malignant' with 54% combined confidence. YOLO11 detected 'cat' (conf: 38%). DenseNet201 classified as 'Benign' (Benign: 52%, Malignant: 48%). Both models AGREE ...
2026-03-23 20:25:15 | INFO     | SESSION COMPLETE: 10 images in 8.1s
